<?xml version="1.0" encoding="UTF-8"?>
<!-- Generated by org.testng.reporters.JUnitXMLReporter -->
<testsuite hostname="DESKTOP-7QNN7QJ" ignored="0" name="Test" tests="1" failures="1" timestamp="17 九月 2019 02:43:58 GMT" time="34.485" errors="0">
  <testcase name="f" time="34.46" classname="appiumTest.NewTest">
    <failure type="org.openqa.selenium.WebDriverException" message="An unknown server-side error occurred while processing the command. Original error: An unknown server-side error occurred while processing the command. Original error: unknown error: Failed to get sockets matching: @webview_devtools_remote_.*8434
  (make sure the app has its WebView configured for debugging) (WARNING: The server did not provide any stacktrace information)
Command duration or timeout: 4.16 seconds
Build info: version: &amp;apos;2.46.0&amp;apos;, revision: &amp;apos;87c69e2&amp;apos;, time: &amp;apos;2015-06-04 16:16:47&amp;apos;
System info: host: &amp;apos;DESKTOP-7QNN7QJ&amp;apos;, ip: &amp;apos;172.21.0.229&amp;apos;, os.name: &amp;apos;Windows 10&amp;apos;, os.arch: &amp;apos;amd64&amp;apos;, os.version: &amp;apos;10.0&amp;apos;, java.version: &amp;apos;1.8.0_151&amp;apos;
Driver info: io.appium.java_client.android.AndroidDriver
Capabilities [{appPackage=com.efund.jqb, statBarHeight=95, noReset=true, viewportRect={top=95, left=0, width=1080, height=2065}, deviceName=b2e8c425, platform=LINUX, deviceUDID=b2e8c425, desired={unicodekeyboard=true, appPackage=com.efund.jqb, appActivity=com.efund.jqb.activity.WelcomeActivity, noReset=true, platformVersion=9, automationName=uiautomator2, browserName=, platformName=Android, deviceName=b2e8c425}, platformVersion=9, webStorageEnabled=false, automationName=uiautomator2, takesScreenshot=true, browserName=, javascriptEnabled=true, platformName=Android, deviceApiLevel=28, deviceManufacturer=blackshark, unicodekeyboard=true, deviceScreenSize=1080x2160, networkConnectionEnabled=true, warnings={}, databaseEnabled=false, appActivity=com.efund.jqb.activity.WelcomeActivity, pixelRatio=2.625, locationContextEnabled=false, deviceScreenDensity=420, deviceModel=AWM-A0}]
Session ID: 2a66d9fd-a3b7-4183-ba1c-3b4d014c0596">
      <![CDATA[org.openqa.selenium.WebDriverException: An unknown server-side error occurred while processing the command. Original error: An unknown server-side error occurred while processing the command. Original error: unknown error: Failed to get sockets matching: @webview_devtools_remote_.*8434
  (make sure the app has its WebView configured for debugging) (WARNING: The server did not provide any stacktrace information)
Command duration or timeout: 4.16 seconds
Build info: version: '2.46.0', revision: '87c69e2', time: '2015-06-04 16:16:47'
System info: host: 'DESKTOP-7QNN7QJ', ip: '172.21.0.229', os.name: 'Windows 10', os.arch: 'amd64', os.version: '10.0', java.version: '1.8.0_151'
Driver info: io.appium.java_client.android.AndroidDriver
Capabilities [{appPackage=com.efund.jqb, statBarHeight=95, noReset=true, viewportRect={top=95, left=0, width=1080, height=2065}, deviceName=b2e8c425, platform=LINUX, deviceUDID=b2e8c425, desired={unicodekeyboard=true, appPackage=com.efund.jqb, appActivity=com.efund.jqb.activity.WelcomeActivity, noReset=true, platformVersion=9, automationName=uiautomator2, browserName=, platformName=Android, deviceName=b2e8c425}, platformVersion=9, webStorageEnabled=false, automationName=uiautomator2, takesScreenshot=true, browserName=, javascriptEnabled=true, platformName=Android, deviceApiLevel=28, deviceManufacturer=blackshark, unicodekeyboard=true, deviceScreenSize=1080x2160, networkConnectionEnabled=true, warnings={}, databaseEnabled=false, appActivity=com.efund.jqb.activity.WelcomeActivity, pixelRatio=2.625, locationContextEnabled=false, deviceScreenDensity=420, deviceModel=AWM-A0}]
Session ID: 2a66d9fd-a3b7-4183-ba1c-3b4d014c0596
at org.openqa.selenium.remote.ErrorHandler.createThrowable(ErrorHandler.java:204)
at org.openqa.selenium.remote.ErrorHandler.throwIfResponseFailed(ErrorHandler.java:156)
at org.openqa.selenium.remote.RemoteWebDriver.execute(RemoteWebDriver.java:605)
at io.appium.java_client.AppiumDriver.execute(AppiumDriver.java:180)
at io.appium.java_client.AppiumDriver.context(AppiumDriver.java:525)
at appiumTest.NewTest.lambda$0(NewTest.java:16)
at java.lang.Iterable.forEach(Unknown Source)
at appiumTest.NewTest.f(NewTest.java:14)
... Removed 29 stack frames]]>
    </failure>
  </testcase> <!-- f -->
</testsuite> <!-- Test -->
