<?xml version="1.0" encoding="UTF-8"?>
<testng-results skipped="0" failed="1" ignored="0" total="1" passed="0">
  <reporter-output>
  </reporter-output>
  <suite name="Default suite" duration-ms="23388" started-at="2019-09-17T03:44:49Z" finished-at="2019-09-17T03:45:12Z">
    <groups>
    </groups>
    <test name="Default test" duration-ms="23388" started-at="2019-09-17T03:44:49Z" finished-at="2019-09-17T03:45:12Z">
      <class name="appiumTest.NewTest">
        <test-method status="PASS" signature="beforeSuite()[pri:0, instance:appiumTest.NewTest@480bdb19]" name="beforeSuite" is-config="true" duration-ms="9813" started-at="2019-09-17T03:44:39Z" finished-at="2019-09-17T03:44:49Z">
          <reporter-output>
          </reporter-output>
        </test-method> <!-- beforeSuite -->
        <test-method status="FAIL" signature="f()[pri:0, instance:appiumTest.NewTest@480bdb19]" name="f" duration-ms="23365" started-at="2019-09-17T03:44:49Z" finished-at="2019-09-17T03:45:12Z">
          <exception class="org.openqa.selenium.WebDriverException">
            <message>
              <![CDATA[An unknown server-side error occurred while processing the command. Original error: An unknown server-side error occurred while processing the command. Original error: unknown error: Failed to get sockets matching: @webview_devtools_remote_.*32750
  (make sure the app has its WebView configured for debugging) (WARNING: The server did not provide any stacktrace information)
Command duration or timeout: 3.07 seconds
Build info: version: '2.46.0', revision: '87c69e2', time: '2015-06-04 16:16:47'
System info: host: 'DESKTOP-7QNN7QJ', ip: '172.21.0.229', os.name: 'Windows 10', os.arch: 'amd64', os.version: '10.0', java.version: '1.8.0_151'
Driver info: io.appium.java_client.android.AndroidDriver
Capabilities [{appPackage=com.tencent.mm, statBarHeight=95, noReset=true, viewportRect={top=95, left=0, width=1080, height=2065}, deviceName=b2e8c425, platform=LINUX, deviceUDID=b2e8c425, desired={unicodekeyboard=true, appPackage=com.tencent.mm, appActivity=com.tencent.mm.ui.LauncherUI, noReset=true, platformVersion=9, automationName=uiautomator2, browserName=, platformName=Android, deviceName=b2e8c425}, platformVersion=9, webStorageEnabled=false, automationName=uiautomator2, takesScreenshot=true, browserName=, javascriptEnabled=true, platformName=Android, deviceApiLevel=28, deviceManufacturer=blackshark, unicodekeyboard=true, deviceScreenSize=1080x2160, networkConnectionEnabled=true, warnings={}, databaseEnabled=false, appActivity=com.tencent.mm.ui.LauncherUI, pixelRatio=2.625, locationContextEnabled=false, deviceScreenDensity=420, deviceModel=AWM-A0}]
Session ID: f897d232-488d-426b-8958-c246268332d1]]>
            </message>
            <full-stacktrace>
              <![CDATA[org.openqa.selenium.WebDriverException: An unknown server-side error occurred while processing the command. Original error: An unknown server-side error occurred while processing the command. Original error: unknown error: Failed to get sockets matching: @webview_devtools_remote_.*32750
  (make sure the app has its WebView configured for debugging) (WARNING: The server did not provide any stacktrace information)
Command duration or timeout: 3.07 seconds
Build info: version: '2.46.0', revision: '87c69e2', time: '2015-06-04 16:16:47'
System info: host: 'DESKTOP-7QNN7QJ', ip: '172.21.0.229', os.name: 'Windows 10', os.arch: 'amd64', os.version: '10.0', java.version: '1.8.0_151'
Driver info: io.appium.java_client.android.AndroidDriver
Capabilities [{appPackage=com.tencent.mm, statBarHeight=95, noReset=true, viewportRect={top=95, left=0, width=1080, height=2065}, deviceName=b2e8c425, platform=LINUX, deviceUDID=b2e8c425, desired={unicodekeyboard=true, appPackage=com.tencent.mm, appActivity=com.tencent.mm.ui.LauncherUI, noReset=true, platformVersion=9, automationName=uiautomator2, browserName=, platformName=Android, deviceName=b2e8c425}, platformVersion=9, webStorageEnabled=false, automationName=uiautomator2, takesScreenshot=true, browserName=, javascriptEnabled=true, platformName=Android, deviceApiLevel=28, deviceManufacturer=blackshark, unicodekeyboard=true, deviceScreenSize=1080x2160, networkConnectionEnabled=true, warnings={}, databaseEnabled=false, appActivity=com.tencent.mm.ui.LauncherUI, pixelRatio=2.625, locationContextEnabled=false, deviceScreenDensity=420, deviceModel=AWM-A0}]
Session ID: f897d232-488d-426b-8958-c246268332d1
at sun.reflect.NativeConstructorAccessorImpl.newInstance0(Native Method)
at sun.reflect.NativeConstructorAccessorImpl.newInstance(Unknown Source)
at sun.reflect.DelegatingConstructorAccessorImpl.newInstance(Unknown Source)
at java.lang.reflect.Constructor.newInstance(Unknown Source)
at org.openqa.selenium.remote.ErrorHandler.createThrowable(ErrorHandler.java:204)
at org.openqa.selenium.remote.ErrorHandler.throwIfResponseFailed(ErrorHandler.java:156)
at org.openqa.selenium.remote.RemoteWebDriver.execute(RemoteWebDriver.java:605)
at io.appium.java_client.AppiumDriver.execute(AppiumDriver.java:180)
at io.appium.java_client.AppiumDriver.context(AppiumDriver.java:525)
at appiumTest.NewTest.lambda$0(NewTest.java:16)
at java.lang.Iterable.forEach(Unknown Source)
at appiumTest.NewTest.f(NewTest.java:13)
at sun.reflect.NativeMethodAccessorImpl.invoke0(Native Method)
at sun.reflect.NativeMethodAccessorImpl.invoke(Unknown Source)
at sun.reflect.DelegatingMethodAccessorImpl.invoke(Unknown Source)
at java.lang.reflect.Method.invoke(Unknown Source)
at org.testng.internal.MethodInvocationHelper.invokeMethod(MethodInvocationHelper.java:124)
at org.testng.internal.Invoker.invokeMethod(Invoker.java:583)
at org.testng.internal.Invoker.invokeTestMethod(Invoker.java:719)
at org.testng.internal.Invoker.invokeTestMethods(Invoker.java:989)
at org.testng.internal.TestMethodWorker.invokeTestMethods(TestMethodWorker.java:125)
at org.testng.internal.TestMethodWorker.run(TestMethodWorker.java:109)
at org.testng.TestRunner.privateRun(TestRunner.java:648)
at org.testng.TestRunner.run(TestRunner.java:505)
at org.testng.SuiteRunner.runTest(SuiteRunner.java:455)
at org.testng.SuiteRunner.runSequentially(SuiteRunner.java:450)
at org.testng.SuiteRunner.privateRun(SuiteRunner.java:415)
at org.testng.SuiteRunner.run(SuiteRunner.java:364)
at org.testng.SuiteRunnerWorker.runSuite(SuiteRunnerWorker.java:52)
at org.testng.SuiteRunnerWorker.run(SuiteRunnerWorker.java:84)
at org.testng.TestNG.runSuitesSequentially(TestNG.java:1208)
at org.testng.TestNG.runSuitesLocally(TestNG.java:1137)
at org.testng.TestNG.runSuites(TestNG.java:1049)
at org.testng.TestNG.run(TestNG.java:1017)
at org.testng.remote.AbstractRemoteTestNG.run(AbstractRemoteTestNG.java:115)
at org.testng.remote.RemoteTestNG.initAndRun(RemoteTestNG.java:251)
at org.testng.remote.RemoteTestNG.main(RemoteTestNG.java:77)
]]>
            </full-stacktrace>
          </exception> <!-- org.openqa.selenium.WebDriverException -->
          <reporter-output>
          </reporter-output>
        </test-method> <!-- f -->
        <test-method status="PASS" signature="testend()[pri:0, instance:appiumTest.NewTest@480bdb19]" name="testend" is-config="true" duration-ms="0" started-at="2019-09-17T03:45:12Z" finished-at="2019-09-17T03:45:12Z">
          <reporter-output>
          </reporter-output>
        </test-method> <!-- testend -->
        <test-method status="PASS" signature="afterSuite()[pri:0, instance:appiumTest.NewTest@480bdb19]" name="afterSuite" is-config="true" duration-ms="456" started-at="2019-09-17T03:45:12Z" finished-at="2019-09-17T03:45:13Z">
          <reporter-output>
          </reporter-output>
        </test-method> <!-- afterSuite -->
      </class> <!-- appiumTest.NewTest -->
    </test> <!-- Default test -->
  </suite> <!-- Default suite -->
</testng-results>
